Start testing: Jan 27 22:01 EST
----------------------------------------------------------
4/4 Testing: MatrixRREF.FullAugmented3x4
4/4 Test: MatrixRREF.FullAugmented3x4
Command: "/Users/noahshepard/Projects/matrix/build/tests/test_matrix" "--gtest_filter=MatrixRREF.FullAugmented3x4" "--gtest_also_run_disabled_tests"
Directory: /Users/noahshepard/Projects/matrix/build/tests
"MatrixRREF.FullAugmented3x4" start time: Jan 27 22:01 EST
Output:
----------------------------------------------------------
Running main() from /private/tmp/googletest-20250808-4990-9ldiyw/googletest-1.17.0/googletest/src/gtest_main.cc
Note: Google Test filter = MatrixRREF.FullAugmented3x4
[==========] Running 1 test from 1 test suite.
[----------] Global test environment set-up.
[----------] 1 test from MatrixRREF
[ RUN      ] MatrixRREF.FullAugmented3x4
[       OK ] MatrixRREF.FullAugmented3x4 (0 ms)
[----------] 1 test from MatrixRREF (0 ms total)

[----------] Global test environment tear-down
[==========] 1 test from 1 test suite ran. (0 ms total)
[  PASSED  ] 1 test.
<end of output>
Test time =   0.01 sec
----------------------------------------------------------
Test Passed.
"MatrixRREF.FullAugmented3x4" end time: Jan 27 22:01 EST
"MatrixRREF.FullAugmented3x4" time elapsed: 00:00:00
----------------------------------------------------------

End testing: Jan 27 22:01 EST
