<?xml version="1.0" encoding="UTF-8"?>
<Site BuildName="(empty)"
	BuildStamp="20260128-0230-Experimental"
	Name="(empty)"
	Generator="ctest-4.2.2"
	CompilerName=""
	CompilerVersion=""
	OSName="macOS"
	Hostname="Noahs-MacBook-Pro-794.local"
	OSRelease="15.7.3"
	OSVersion="24G419"
	OSPlatform="x86_64"
	Is64Bits="1"
	VendorString="GenuineIntel"
	VendorID="Intel Corporation"
	FamilyID="6"
	ModelID="158"
	ModelName="Intel(R) Core(TM) i7-9750H CPU @ 2.60GHz"
	ProcessorCacheSize="32768"
	NumberOfLogicalCPU="12"
	NumberOfPhysicalCPU="6"
	TotalVirtualMemory="2048"
	TotalPhysicalMemory="16384"
	LogicalProcessorsPerPhysical="8"
	ProcessorClockFrequency="2600"
	>
	<Testing>
		<StartDateTime>Jan 27 22:01 EST</StartDateTime>
		<StartTestTime>1769569273</StartTestTime>
		<TestList>
			<Test>./tests/MatrixRREF.FullAugmented3x4</Test>
		</TestList>
		<Test Status="passed">
			<Name>MatrixRREF.FullAugmented3x4</Name>
			<Path>./tests</Path>
			<FullName>./tests/MatrixRREF.FullAugmented3x4</FullName>
			<FullCommandLine>/Users/noahshepard/Projects/matrix/build/tests/test_matrix "--gtest_filter=MatrixRREF.FullAugmented3x4" "--gtest_also_run_disabled_tests"</FullCommandLine>
			<Results>
				<NamedMeasurement type="numeric/double" name="Execution Time">
					<Value>0.00791664</Value>
				</NamedMeasurement>
				<NamedMeasurement type="numeric/double" name="Processors">
					<Value>1</Value>
				</NamedMeasurement>
				<NamedMeasurement type="text/string" name="Completion Status">
					<Value>Completed</Value>
				</NamedMeasurement>
				<NamedMeasurement type="text/string" name="Command Line">
					<Value>/Users/noahshepard/Projects/matrix/build/tests/test_matrix "--gtest_filter=MatrixRREF.FullAugmented3x4" "--gtest_also_run_disabled_tests"</Value>
				</NamedMeasurement>
				<NamedMeasurement type="text/string" name="Environment">
					<Value>#CTEST_RESOURCE_GROUP_COUNT=</Value>
				</NamedMeasurement>
				<Measurement>
					<Value encoding="base64" compression="gzip">eJyNUEFuwjAQvPsVeyQHOw6lKqnEAanAoSqtTHuKospNTGTJsSNnA/T3JQmioVIRc1rtjGZnVjTWaltAKbUdBbD1roSw8nonUYVYVmHhXGEUqhrpmI/v+ZRP6SSOOY1Nrr/3Qz5i0QPjg01Y+yws2umz9WdZRtYO1SOsOgm8HxnYaoPKwwxeJHp9EGKxZMvGmHlTlMqiyu8OE5LMzkhBnDJHgJ1Bm/k0141GxUhCz0hhZdyXND2v7E57Z1tjqBXSpvojHnr+BiIJiI81dEivB+1F8Pp8XQgjDmUd3HK8lwI6lCYgt3VDJT3N3d5efu6/j4GXll3eORZ5m282i6e2ca9l5AdGhK+B====</Value>
				</Measurement>
			</Results>
		</Test>
		<EndDateTime>Jan 27 22:01 EST</EndDateTime>
		<EndTestTime>1769569273</EndTestTime>
		<ElapsedMinutes>0</ElapsedMinutes>
	</Testing>
</Site>
